<?xml version="1.0" encoding="UTF-8"?>
<testng-results ignored="0" total="3" passed="3" failed="0" skipped="0">
  <reporter-output>
  </reporter-output>
  <suite started-at="2022-03-24T01:04:50 IST" name="Default suite" finished-at="2022-03-24T01:04:56 IST" duration-ms="6781">
    <groups>
    </groups>
    <test started-at="2022-03-24T01:04:50 IST" name="Default test" finished-at="2022-03-24T01:04:56 IST" duration-ms="6781">
      <class name="com.demo.RestAPIAutomate">
        <test-method is-config="true" signature="setup()[pri:0, instance:com.demo.RestAPIAutomate@28f3b248]" started-at="2022-03-24T01:04:50 IST" name="setup" finished-at="2022-03-24T01:04:55 IST" duration-ms="5097" status="PASS">
          <reporter-output>
          </reporter-output>
        </test-method> <!-- setup -->
        <test-method signature="testName()[pri:0, instance:com.demo.RestAPIAutomate@28f3b248]" started-at="2022-03-24T01:04:55 IST" name="testName" finished-at="2022-03-24T01:04:56 IST" duration-ms="1338" status="PASS">
          <reporter-output>
          </reporter-output>
        </test-method> <!-- testName -->
        <test-method signature="testRelist()[pri:1, instance:com.demo.RestAPIAutomate@28f3b248]" started-at="2022-03-24T01:04:56 IST" name="testRelist" finished-at="2022-03-24T01:04:56 IST" duration-ms="41" status="PASS">
          <reporter-output>
          </reporter-output>
        </test-method> <!-- testRelist -->
        <test-method signature="testPromotions()[pri:2, instance:com.demo.RestAPIAutomate@28f3b248]" started-at="2022-03-24T01:04:56 IST" name="testPromotions" finished-at="2022-03-24T01:04:56 IST" duration-ms="243" status="PASS">
          <reporter-output>
          </reporter-output>
        </test-method> <!-- testPromotions -->
        <test-method is-config="true" signature="tearDown()[pri:0, instance:com.demo.RestAPIAutomate@28f3b248]" started-at="2022-03-24T01:04:56 IST" name="tearDown" finished-at="2022-03-24T01:04:56 IST" duration-ms="1" status="PASS">
          <reporter-output>
          </reporter-output>
        </test-method> <!-- tearDown -->
      </class> <!-- com.demo.RestAPIAutomate -->
    </test> <!-- Default test -->
  </suite> <!-- Default suite -->
</testng-results>
