<?xml version="1.0" encoding="UTF-8"?>
<!-- Generated by org.testng.reporters.JUnitXMLReporter -->
<testsuite ignored="0" hostname="DESKTOP-6SRUE79" failures="0" tests="3" name="Default test" time="6.781" errors="0" timestamp="2022-03-24T01:04:56 IST">
  <testcase classname="com.demo.RestAPIAutomate" name="testName" time="1.338"/>
  <testcase classname="com.demo.RestAPIAutomate" name="testRelist" time="0.041"/>
  <testcase classname="com.demo.RestAPIAutomate" name="testPromotions" time="0.243"/>
</testsuite> <!-- Default test -->
